#
# A fatal error has been detected by the Java Runtime Environment:
#
#  EXCEPTION_ACCESS_VIOLATION (0xc0000005) at pc=0x000000005f2486d5, pid=12280, tid=15096
#
# JRE version: Java(TM) SE Runtime Environment (7.0_75-b13) (build 1.7.0_75-b13)
# Java VM: Java HotSpot(TM) 64-Bit Server VM (24.75-b04 mixed mode windows-amd64 compressed oops)
# Problematic frame:
# C  [awt.dll+0x886d5]
#
# Failed to write core dump. Minidumps are not enabled by default on client versions of Windows
#
# If you would like to submit a bug report, please visit:
#   http://bugreport.sun.com/bugreport/crash.jsp
# The crash happened outside the Java Virtual Machine in native code.
# See problematic frame for where to report the bug.
#

---------------  T H R E A D  ---------------

Current thread (0x00000000117ad800):  JavaThread "AWT-Windows" daemon [_thread_in_native, id=15096, stack(0x0000000012560000,0x0000000012660000)]

siginfo: ExceptionCode=0xc0000005, reading address 0xffffffffffffffff

Registers:
RAX=0x746e6576652f7477, RBX=0x0000000000000000, RCX=0x746e6576652f7477, RDX=0x000000005f2abb98
RSP=0x000000001265eb50, RBP=0x000000001265ec09, RSI=0x0000000000000111, RDI=0x000000000f725398
R8 =0x0000000000000000, R9 =0x0000000000000000, R10=0x000000005f2b2608, R11=0x0000000000000001
R12=0x000000000f725310, R13=0x000000000000010d, R14=0x000000000000a220, R15=0x0000000000000000
RIP=0x000000005f2486d5, EFLAGS=0x0000000000010206

Top of Stack: (sp=0x000000001265eb50)
0x000000001265eb50:   0000000000000000 0000000000000000
0x000000001265eb60:   0000144350017fcb 000000005f3fb290
0x000000001265eb70:   00000000117ad9e8 000000005f24aa9b
0x000000001265eb80:   00000000117ad9e8 0000000000000111
0x000000001265eb90:   00008441f8fdb147 0000000000000000
0x000000001265eba0:   00007ff9d3400a90 0000000000000000
0x000000001265ebb0:   0000000000000000 0000000000000000
0x000000001265ebc0:   0000000000000000 00007ff9d1082532
0x000000001265ebd0:   0000000000000001 0000000000000000
0x000000001265ebe0:   000000000000c257 fffffffffffffffe
0x000000001265ebf0:   000000000f725398 00000000117ad9e8
0x000000001265ec00:   0000000000000000 00007ff9c1c01198
0x000000001265ec10:   000070af0e6d23b3 000000001265ec80
0x000000001265ec20:   0000000000000048 000000005f246e9c
0x000000001265ec30:   0000000000000000 0000000000000000
0x000000001265ec40:   000000000000a220 000000000000a220 

Instructions: (pc=0x000000005f2486d5)
0x000000005f2486b5:   4d 85 c0 75 23 48 8d 0d cf 26 0c 00 e8 ea 72 02
0x000000005f2486c5:   00 48 8b c8 48 85 c0 75 07 b8 02 00 00 00 eb 29
0x000000005f2486d5:   48 8b 00 ff 50 10 eb f1 49 8b c8 e8 2f e7 ff ff
0x000000005f2486e5:   48 85 c0 74 0f 4c 8b 00 8b d3 48 8b c8 41 ff 90 


Register to memory mapping:

RAX=0x746e6576652f7477 is an unknown value
RBX=0x0000000000000000 is an unknown value
RCX=0x746e6576652f7477 is an unknown value
RDX=0x000000005f2abb98 is an unknown value
RSP=0x000000001265eb50 is pointing into the stack for thread: 0x00000000117ad800
RBP=0x000000001265ec09 is pointing into the stack for thread: 0x00000000117ad800
RSI=0x0000000000000111 is an unknown value
RDI=0x000000000f725398 is an unknown value
R8 =0x0000000000000000 is an unknown value
R9 =0x0000000000000000 is an unknown value
R10=0x000000005f2b2608 is an unknown value
R11=0x0000000000000001 is an unknown value
R12=0x000000000f725310 is an unknown value
R13=0x000000000000010d is an unknown value
R14=0x000000000000a220 is an unknown value
R15=0x0000000000000000 is an unknown value


Stack: [0x0000000012560000,0x0000000012660000],  sp=0x000000001265eb50,  free space=1018k
Native frames: (J=compiled Java code, j=interpreted, Vv=VM code, C=native code)
C  [awt.dll+0x886d5]

Java frames: (J=compiled Java code, j=interpreted, Vv=VM code)
j  sun.awt.windows.WToolkit.eventLoop()V+0
j  sun.awt.windows.WToolkit.run()V+61
j  java.lang.Thread.run()V+11
v  ~StubRoutines::call_stub

---------------  P R O C E S S  ---------------

Java Threads: ( => current thread )
  0x0000000011951000 JavaThread "D3D Screen Updater" daemon [_thread_blocked, id=10868, stack(0x00000000145e0000,0x00000000146e0000)]
  0x00000000023e0800 JavaThread "DestroyJavaVM" [_thread_blocked, id=13776, stack(0x00000000022e0000,0x00000000023e0000)]
  0x000000001189c800 JavaThread "AWT-EventQueue-0" [_thread_blocked, id=10692, stack(0x00000000143e0000,0x00000000144e0000)]
=>0x00000000117ad800 JavaThread "AWT-Windows" daemon [_thread_in_native, id=15096, stack(0x0000000012560000,0x0000000012660000)]
  0x00000000117ad000 JavaThread "AWT-Shutdown" [_thread_blocked, id=9512, stack(0x0000000012460000,0x0000000012560000)]
  0x00000000117ac800 JavaThread "Java2D Disposer" daemon [_thread_blocked, id=14620, stack(0x0000000012360000,0x0000000012460000)]
  0x00000000024d8000 JavaThread "Service Thread" daemon [_thread_blocked, id=13796, stack(0x0000000011ef0000,0x0000000011ff0000)]
  0x00000000024cf000 JavaThread "C2 CompilerThread1" daemon [_thread_blocked, id=11136, stack(0x0000000011df0000,0x0000000011ef0000)]
  0x00000000024cd000 JavaThread "C2 CompilerThread0" daemon [_thread_blocked, id=16612, stack(0x0000000011cf0000,0x0000000011df0000)]
  0x00000000024cc000 JavaThread "Attach Listener" daemon [_thread_blocked, id=15368, stack(0x0000000011bf0000,0x0000000011cf0000)]
  0x0000000011711000 JavaThread "Signal Dispatcher" daemon [_thread_blocked, id=15092, stack(0x0000000011af0000,0x0000000011bf0000)]
  0x000000000f721000 JavaThread "Finalizer" daemon [_thread_blocked, id=3720, stack(0x00000000115f0000,0x00000000116f0000)]
  0x000000000f71a800 JavaThread "Reference Handler" daemon [_thread_blocked, id=8144, stack(0x00000000114f0000,0x00000000115f0000)]

Other Threads:
  0x000000000f716800 VMThread [stack: 0x00000000113f0000,0x00000000114f0000] [id=11068]
  0x0000000011722000 WatcherThread [stack: 0x0000000011ff0000,0x00000000120f0000] [id=11648]

VM state:not at safepoint (normal execution)

VM Mutex/Monitor currently owned by a thread: None

Heap
 PSYoungGen      total 76800K, used 50108K [0x00000007aae80000, 0x00000007b0400000, 0x0000000800000000)
  eden space 66048K, 75% used [0x00000007aae80000,0x00000007adf6f100,0x00000007aef00000)
  from space 10752K, 0% used [0x00000007af980000,0x00000007af980000,0x00000007b0400000)
  to   space 10752K, 0% used [0x00000007aef00000,0x00000007aef00000,0x00000007af980000)
 ParOldGen       total 174080K, used 0K [0x0000000700c00000, 0x000000070b600000, 0x00000007aae80000)
  object space 174080K, 0% used [0x0000000700c00000,0x0000000700c00000,0x000000070b600000)
 PSPermGen       total 21504K, used 9485K [0x00000006fba00000, 0x00000006fcf00000, 0x0000000700c00000)
  object space 21504K, 44% used [0x00000006fba00000,0x00000006fc343720,0x00000006fcf00000)

Card table byte_map: [0x00000000054e0000,0x0000000005d10000] byte_map_base: 0x0000000001d03000

Polling page: 0x0000000000a40000

Code Cache  [0x00000000024e0000, 0x0000000002750000, 0x00000000054e0000)
 total_blobs=435 nmethods=30 adapters=357 free_code_cache=48605Kb largest_free_block=49754560

Compilation events (10 events):
Event: 106846.102 Thread 0x00000000024cf000   26             java.lang.String::compareTo (78 bytes)
Event: 106846.105 Thread 0x00000000024cf000 nmethod 26 0x0000000002565490 code [0x00000000025655e0, 0x0000000002565778]
Event: 106915.182 Thread 0x00000000024cd000   27             java.util.HashMap::indexFor (6 bytes)
Event: 106915.182 Thread 0x00000000024cd000 nmethod 27 0x0000000002546490 code [0x00000000025465c0, 0x00000000025465f8]
Event: 106945.081 Thread 0x00000000024cf000   28             java.util.HashMap::hash (55 bytes)
Event: 106945.082 Thread 0x00000000024cf000 nmethod 28 0x00000000025650d0 code [0x0000000002565220, 0x0000000002565368]
Event: 106948.071 Thread 0x00000000024cd000   29             java.util.HashMap$HashIterator::nextEntry (99 bytes)
Event: 106948.073 Thread 0x00000000024cd000 nmethod 29 0x0000000002564590 code [0x00000000025646e0, 0x0000000002564838]
Event: 120173.196 Thread 0x00000000024cf000   30             java.lang.String::compareTo (9 bytes)
Event: 120173.196 Thread 0x00000000024cf000 nmethod 30 0x0000000002566750 code [0x00000000025668a0, 0x00000000025669f8]

GC Heap History (0 events):
No events

Deoptimization events (5 events):
Event: 0.255 Thread 0x000000001189c800 Uncommon trap: reason=class_check action=maybe_recompile pc=0x0000000002556510 method=java.lang.String.equals(Ljava/lang/Object;)Z @ 8
Event: 0.255 Thread 0x000000001189c800 Uncommon trap: reason=class_check action=maybe_recompile pc=0x0000000002556510 method=java.lang.String.equals(Ljava/lang/Object;)Z @ 8
Event: 0.255 Thread 0x000000001189c800 Uncommon trap: reason=class_check action=maybe_recompile pc=0x0000000002556510 method=java.lang.String.equals(Ljava/lang/Object;)Z @ 8
Event: 0.255 Thread 0x000000001189c800 Uncommon trap: reason=class_check action=maybe_recompile pc=0x0000000002556510 method=java.lang.String.equals(Ljava/lang/Object;)Z @ 8
Event: 0.260 Thread 0x00000000023e0800 Uncommon trap: reason=null_check action=make_not_entrant pc=0x0000000002558774 method=java.lang.String.equals(Ljava/lang/Object;)Z @ 8

Internal exceptions (10 events):
Event: 0.021 Thread 0x00000000023e0800 Threw 0x00000007aae89eb8 at C:\re\jdk7u75\1940\hotspot\src\share\vm\prims\jni.cpp:3991
Event: 0.045 Thread 0x00000000023e0800 Threw 0x00000007aaed0678 at C:\re\jdk7u75\1940\hotspot\src\share\vm\prims\jvm.cpp:1281
Event: 0.047 Thread 0x00000000023e0800 Threw 0x00000007aaed5d58 at C:\re\jdk7u75\1940\hotspot\src\share\vm\prims\jvm.cpp:1281
Event: 0.057 Thread 0x00000000023e0800 Threw 0x00000007aaedcd50 at C:\re\jdk7u75\1940\hotspot\src\share\vm\prims\jni.cpp:717
Event: 0.073 Thread 0x00000000023e0800 Threw 0x00000007aaefa430 at C:\re\jdk7u75\1940\hotspot\src\share\vm\prims\jni.cpp:717
Event: 0.260 Thread 0x00000000023e0800 Implicit null exception at 0x0000000002558595 to 0x0000000002558765
Event: 0.285 Thread 0x00000000023e0800 Threw 0x00000007ab3e09b0 at C:\re\jdk7u75\1940\hotspot\src\share\vm\prims\jvm.cpp:1281
Event: 0.285 Thread 0x00000000023e0800 Threw 0x00000007ab3e0ad8 at C:\re\jdk7u75\1940\hotspot\src\share\vm\prims\jvm.cpp:1281
Event: 0.286 Thread 0x00000000023e0800 Threw 0x00000007ab3e4010 at C:\re\jdk7u75\1940\hotspot\src\share\vm\prims\jvm.cpp:1281
Event: 0.286 Thread 0x00000000023e0800 Threw 0x00000007ab3e4138 at C:\re\jdk7u75\1940\hotspot\src\share\vm\prims\jvm.cpp:1281

Events (10 events):
Event: 108680.342 loading class 0x000000001196f1e0 done
Event: 108680.342 loading class 0x0000000011759740 done
Event: 108680.343 loading class 0x000000001196f1b0
Event: 108680.343 loading class 0x000000001196f1b0 done
Event: 108680.343 loading class 0x0000000011804820
Event: 108680.343 loading class 0x0000000011804820 done
Event: 108680.343 loading class 0x0000000011804850
Event: 108680.343 loading class 0x0000000011804850 done
Event: 108680.343 loading class 0x000000001172a1d0
Event: 108680.343 loading class 0x000000001172a1d0 done


Dynamic libraries:
0x00007ff72c6f0000 - 0x00007ff72c723000 	C:\Program Files\Java\jre7\bin\javaw.exe
0x00007ff9d3370000 - 0x00007ff9d351c000 	C:\WINDOWS\SYSTEM32\ntdll.dll
0x00007ff9d0ab0000 - 0x00007ff9d0bee000 	C:\WINDOWS\system32\KERNEL32.DLL
0x00007ff9d08d0000 - 0x00007ff9d09e5000 	C:\WINDOWS\system32\KERNELBASE.dll
0x00007ff9cf060000 - 0x00007ff9cf0ee000 	C:\WINDOWS\system32\apphelp.dll
0x00007ff9c4f10000 - 0x00007ff9c4f63000 	C:\WINDOWS\AppPatch\AppPatch64\AcGenral.DLL
0x00007ff9d2e50000 - 0x00007ff9d2efa000 	C:\WINDOWS\system32\msvcrt.dll
0x00007ff9d0290000 - 0x00007ff9d02be000 	C:\WINDOWS\SYSTEM32\SspiCli.dll
0x00007ff9d1670000 - 0x00007ff9d16c4000 	C:\WINDOWS\system32\SHLWAPI.dll
0x00007ff9d1080000 - 0x00007ff9d11f7000 	C:\WINDOWS\system32\USER32.dll
0x00007ff9d0ee0000 - 0x00007ff9d1074000 	C:\WINDOWS\system32\ole32.dll
0x00007ff9d1800000 - 0x00007ff9d2d18000 	C:\WINDOWS\system32\SHELL32.dll
0x00007ff9cfa60000 - 0x00007ff9cfa81000 	C:\WINDOWS\SYSTEM32\USERENV.dll
0x00007ff9d0e30000 - 0x00007ff9d0eda000 	C:\WINDOWS\system32\ADVAPI32.dll
0x00007ff9cab90000 - 0x00007ff9cabae000 	C:\WINDOWS\SYSTEM32\MPR.dll
0x00007ff9d30b0000 - 0x00007ff9d31f1000 	C:\WINDOWS\system32\RPCRT4.dll
0x00007ff9d0dd0000 - 0x00007ff9d0e29000 	C:\WINDOWS\SYSTEM32\sechost.dll
0x00007ff9d1420000 - 0x00007ff9d1631000 	C:\WINDOWS\SYSTEM32\combase.dll
0x00007ff9d0c70000 - 0x00007ff9d0dc1000 	C:\WINDOWS\system32\GDI32.dll
0x00007ff9d04c0000 - 0x00007ff9d04d5000 	C:\WINDOWS\SYSTEM32\profapi.dll
0x00007ff9ce860000 - 0x00007ff9ce912000 	C:\WINDOWS\SYSTEM32\SHCORE.dll
0x00007ff9d13e0000 - 0x00007ff9d1416000 	C:\WINDOWS\system32\IMM32.DLL
0x00007ff9d3200000 - 0x00007ff9d3351000 	C:\WINDOWS\system32\MSCTF.dll
0x00007ff9ccf20000 - 0x00007ff9cd19b000 	C:\WINDOWS\WinSxS\amd64_microsoft.windows.common-controls_6595b64144ccf1df_6.0.9600.17415_none_6240486fecbd8abb\COMCTL32.dll
0x000000005fb40000 - 0x000000005fc12000 	C:\Program Files\Java\jre7\bin\msvcr100.dll
0x000000005f360000 - 0x000000005fb34000 	C:\Program Files\Java\jre7\bin\server\jvm.dll
0x00007ff9c62f0000 - 0x00007ff9c62f9000 	C:\WINDOWS\SYSTEM32\WSOCK32.dll
0x00007ff9cca30000 - 0x00007ff9cca52000 	C:\WINDOWS\SYSTEM32\WINMM.dll
0x00007ff9d0c50000 - 0x00007ff9d0c57000 	C:\WINDOWS\system32\PSAPI.DLL
0x00007ff9d0bf0000 - 0x00007ff9d0c4a000 	C:\WINDOWS\system32\WS2_32.dll
0x00007ff9cca00000 - 0x00007ff9cca2a000 	C:\WINDOWS\SYSTEM32\WINMMBASE.dll
0x00007ff9d1660000 - 0x00007ff9d1669000 	C:\WINDOWS\system32\NSI.dll
0x00007ff9d0820000 - 0x00007ff9d086f000 	C:\WINDOWS\SYSTEM32\cfgmgr32.dll
0x00007ff9cf2b0000 - 0x00007ff9cf2d8000 	C:\WINDOWS\SYSTEM32\DEVOBJ.dll
0x0000000061ea0000 - 0x0000000061eaf000 	C:\Program Files\Java\jre7\bin\verify.dll
0x0000000061350000 - 0x0000000061378000 	C:\Program Files\Java\jre7\bin\java.dll
0x0000000061330000 - 0x0000000061345000 	C:\Program Files\Java\jre7\bin\zip.dll
0x000000005f1c0000 - 0x000000005f355000 	C:\Program Files\Java\jre7\bin\awt.dll
0x00007ff9d2d80000 - 0x00007ff9d2e41000 	C:\WINDOWS\system32\OLEAUT32.dll
0x00007ff9ce370000 - 0x00007ff9ce391000 	C:\WINDOWS\system32\DWMAPI.DLL
0x00007ff9cf130000 - 0x00007ff9cf259000 	C:\WINDOWS\system32\uxtheme.dll
0x00007ff9cd1b0000 - 0x00007ff9cd1ba000 	C:\WINDOWS\SYSTEM32\VERSION.dll
0x00007ff9cf300000 - 0x00007ff9cf30b000 	C:\WINDOWS\SYSTEM32\kernel.appcore.dll
0x00007ff9d0330000 - 0x00007ff9d033b000 	C:\WINDOWS\SYSTEM32\CRYPTBASE.dll
0x00007ff9d02c0000 - 0x00007ff9d0323000 	C:\WINDOWS\SYSTEM32\bcryptPrimitives.dll
0x00007ff9c6ee0000 - 0x00007ff9c7101000 	C:\WINDOWS\system32\d3d9.dll
0x00007ff999920000 - 0x00007ff99a98c000 	C:\WINDOWS\SYSTEM32\nvd3dumx.dll
0x0000000180000000 - 0x0000000180179000 	C:\WINDOWS\system32\nvspcap64.dll
0x00007ff9d0460000 - 0x00007ff9d04a6000 	C:\WINDOWS\system32\powrprof.dll
0x00007ff9ca860000 - 0x00007ff9ca9cb000 	C:\Program Files (x86)\NVIDIA Corporation\3D Vision\nvSCPAPI64.dll
0x00007ff9d1200000 - 0x00007ff9d13da000 	C:\WINDOWS\system32\SETUPAPI.dll
0x0000000061310000 - 0x0000000061329000 	C:\Program Files\Java\jre7\bin\net.dll
0x00007ff9cfcd0000 - 0x00007ff9cfd29000 	C:\WINDOWS\system32\mswsock.dll
0x00007ff9cfad0000 - 0x00007ff9cfb74000 	C:\WINDOWS\SYSTEM32\DNSAPI.dll
0x0000000061e70000 - 0x0000000061e96000 	C:\Program Files\Bonjour\mdnsNSP.dll
0x00007ff9ca380000 - 0x00007ff9ca3aa000 	C:\WINDOWS\SYSTEM32\Iphlpapi.DLL
0x00007ff9ca7a0000 - 0x00007ff9ca7aa000 	C:\WINDOWS\SYSTEM32\WINNSI.DLL
0x00007ff9c6c60000 - 0x00007ff9c6c6a000 	C:\Windows\System32\rasadhlp.dll
0x00007ff9ca460000 - 0x00007ff9ca4cb000 	C:\WINDOWS\System32\fwpuclnt.dll
0x000000005f170000 - 0x000000005f1b7000 	C:\Program Files\Java\jre7\bin\fontmanager.dll
0x00007ff9c1bf0000 - 0x00007ff9c1c38000 	C:\Program Files (x86)\TeamViewer\tv_x64.dll
0x00007ff9caf80000 - 0x00007ff9cb10a000 	C:\WINDOWS\SYSTEM32\dbghelp.dll

VM Arguments:
jvm_args: -Dfile.encoding=Cp1252 
java_command: net.codepixl.GLCraft.launcher.Main
Launcher Type: SUN_STANDARD

Environment Variables:
PATH=C:\ProgramData\Oracle\Java\javapath;C:\Program Files (x86)\NVIDIA Corporation\PhysX\Common;C:\WINDOWS\system32;C:\WINDOWS;C:\WINDOWS\System32\Wbem;C:\WINDOWS\System32\WindowsPowerShell\v1.0\;C:\Program Files (x86)\Skype\Phone\
USERNAME=Aaron
OS=Windows_NT
PROCESSOR_IDENTIFIER=Intel64 Family 6 Model 58 Stepping 9, GenuineIntel



---------------  S Y S T E M  ---------------

OS: Windows 8.1 , 64 bit Build 9600 

CPU:total 8 (4 cores per cpu, 2 threads per core) family 6 model 58 stepping 9, cmov, cx8, fxsr, mmx, sse, sse2, sse3, ssse3, sse4.1, sse4.2, popcnt, avx, aes, erms, ht, tsc, tscinvbit, tscinv

Memory: 4k page, physical 16721228k(10957384k free), swap 19211596k(8813984k free)

vm_info: Java HotSpot(TM) 64-Bit Server VM (24.75-b04) for windows-amd64 JRE (1.7.0_75-b13), built on Dec 18 2014 17:15:01 by "java_re" with unknown MS VC++:1600

time: Sun Apr 12 18:02:10 2015
elapsed time: 120568 seconds

